/Users/fabio/Desktop/progetto-mining/mining-monitor/mqtt_client.py:14: DeprecationWarning: Callback API version 1 is deprecated, update to latest version
  self.client = mqtt.Client()
Dataset caricato: 737453 righe
Avvio streaming dati ogni 1 secondi...
Dataset: 737453 righe totali
Inviata riga 0: % Silica Concentrate = 1.31
Messaggio pubblicato: 1
Connesso al broker MQTT localhost:1883
Inviata riga 1: % Silica Concentrate = 1.31
Messaggio pubblicato: 2
Inviata riga 2: % Silica Concentrate = 1.31
Messaggio pubblicato: 3
Inviata riga 3: % Silica Concentrate = 1.31
Messaggio pubblicato: 4
Inviata riga 4: % Silica Concentrate = 1.31
Messaggio pubblicato: 5
Inviata riga 5: % Silica Concentrate = 1.31
Messaggio pubblicato: 6
Messaggio pubblicato: 7
Inviata riga 6: % Silica Concentrate = 1.31
Inviata riga 7: % Silica Concentrate = 1.31
Messaggio pubblicato: 8
Inviata riga 8: % Silica Concentrate = 1.31
Messaggio pubblicato: 9
Inviata riga 9: % Silica Concentrate = 1.31
Messaggio pubblicato: 10
Inviata riga 10: % Silica Concentrate = 1.31
Messaggio pubblicato: 11
Inviata riga 11: % Silica Concentrate = 1.31
Messaggio pubblicato: 12
Inviata riga 12: % Silica Concentrate = 1.31
Messaggio pubblicato: 13
Inviata riga 13: % Silica Concentrate = 1.31
Messaggio pubblicato: 14
Inviata riga 14: % Silica Concentrate = 1.31
Messaggio pubblicato: 15
Inviata riga 15: % Silica Concentrate = 1.31
Messaggio pubblicato: 16
Inviata riga 16: % Silica Concentrate = 1.31
Messaggio pubblicato: 17
Inviata riga 17: % Silica Concentrate = 1.31
Messaggio pubblicato: 18
Inviata riga 18: % Silica Concentrate = 1.31
Messaggio pubblicato: 19
Inviata riga 19: % Silica Concentrate = 1.31
Messaggio pubblicato: 20
Inviata riga 20: % Silica Concentrate = 1.31
Messaggio pubblicato: 21
Inviata riga 21: % Silica Concentrate = 1.31
Messaggio pubblicato: 22
Inviata riga 22: % Silica Concentrate = 1.31
Messaggio pubblicato: 23
Inviata riga 23: % Silica Concentrate = 1.31
Messaggio pubblicato: 24
Inviata riga 24: % Silica Concentrate = 1.31
Messaggio pubblicato: 25
Inviata riga 25: % Silica Concentrate = 1.31
Messaggio pubblicato: 26
Inviata riga 26: % Silica Concentrate = 1.31
Messaggio pubblicato: 27
Inviata riga 27: % Silica Concentrate = 1.31
Messaggio pubblicato: 28
Inviata riga 28: % Silica Concentrate = 1.31
Messaggio pubblicato: 29
Inviata riga 29: % Silica Concentrate = 1.31
Messaggio pubblicato: 30
Inviata riga 30: % Silica Concentrate = 1.31
Messaggio pubblicato: 31
Inviata riga 31: % Silica Concentrate = 1.31
Messaggio pubblicato: 32
Inviata riga 32: % Silica Concentrate = 1.31
Messaggio pubblicato: 33
Inviata riga 33: % Silica Concentrate = 1.31
Messaggio pubblicato: 34
Inviata riga 34: % Silica Concentrate = 1.31
Messaggio pubblicato: 35
Inviata riga 35: % Silica Concentrate = 1.31
Messaggio pubblicato: 36
Inviata riga 36: % Silica Concentrate = 1.31
Messaggio pubblicato: 37
Inviata riga 37: % Silica Concentrate = 1.31
Messaggio pubblicato: 38
Inviata riga 38: % Silica Concentrate = 1.31
Messaggio pubblicato: 39
Inviata riga 39: % Silica Concentrate = 1.31
Messaggio pubblicato: 40
Inviata riga 40: % Silica Concentrate = 1.31
Messaggio pubblicato: 41
Inviata riga 41: % Silica Concentrate = 1.31
Messaggio pubblicato: 42
Inviata riga 42: % Silica Concentrate = 1.31
Messaggio pubblicato: 43
Inviata riga 43: % Silica Concentrate = 1.31
Messaggio pubblicato: 44
Inviata riga 44: % Silica Concentrate = 1.31
Messaggio pubblicato: 45
Inviata riga 45: % Silica Concentrate = 1.31
Messaggio pubblicato: 46
Inviata riga 46: % Silica Concentrate = 1.31
Messaggio pubblicato: 47
Inviata riga 47: % Silica Concentrate = 1.31
Messaggio pubblicato: 48
Inviata riga 48: % Silica Concentrate = 1.31
Messaggio pubblicato: 49
Inviata riga 49: % Silica Concentrate = 1.31
Messaggio pubblicato: 50
Inviata riga 50: % Silica Concentrate = 1.31
Messaggio pubblicato: 51
Inviata riga 51: % Silica Concentrate = 1.31
Messaggio pubblicato: 52
Inviata riga 52: % Silica Concentrate = 1.31
Messaggio pubblicato: 53
Inviata riga 53: % Silica Concentrate = 1.31
Messaggio pubblicato: 54
Inviata riga 54: % Silica Concentrate = 1.31
Messaggio pubblicato: 55
Inviata riga 55: % Silica Concentrate = 1.31
Messaggio pubblicato: 56
Inviata riga 56: % Silica Concentrate = 1.31
Messaggio pubblicato: 57
Inviata riga 57: % Silica Concentrate = 1.31
Messaggio pubblicato: 58
Inviata riga 58: % Silica Concentrate = 1.31
Messaggio pubblicato: 59
Inviata riga 59: % Silica Concentrate = 1.31
Messaggio pubblicato: 60
Inviata riga 60: % Silica Concentrate = 1.31
Messaggio pubblicato: 61
Inviata riga 61: % Silica Concentrate = 1.31
Messaggio pubblicato: 62
Inviata riga 62: % Silica Concentrate = 1.31
Messaggio pubblicato: 63
Inviata riga 63: % Silica Concentrate = 1.31
Messaggio pubblicato: 64
Inviata riga 64: % Silica Concentrate = 1.31
Messaggio pubblicato: 65
Inviata riga 65: % Silica Concentrate = 1.31
Messaggio pubblicato: 66
Inviata riga 66: % Silica Concentrate = 1.31
Messaggio pubblicato: 67
Inviata riga 67: % Silica Concentrate = 1.31
Messaggio pubblicato: 68
Inviata riga 68: % Silica Concentrate = 1.31
Messaggio pubblicato: 69
Inviata riga 69: % Silica Concentrate = 1.31
Messaggio pubblicato: 70
Inviata riga 70: % Silica Concentrate = 1.31
Messaggio pubblicato: 71
Inviata riga 71: % Silica Concentrate = 1.31
Messaggio pubblicato: 72
Inviata riga 72: % Silica Concentrate = 1.31
Messaggio pubblicato: 73
Inviata riga 73: % Silica Concentrate = 1.31
Messaggio pubblicato: 74
Inviata riga 74: % Silica Concentrate = 1.31
Messaggio pubblicato: 75
Inviata riga 75: % Silica Concentrate = 1.31
Messaggio pubblicato: 76
Inviata riga 76: % Silica Concentrate = 1.31
Messaggio pubblicato: 77
Inviata riga 77: % Silica Concentrate = 1.31
Messaggio pubblicato: 78
Inviata riga 78: % Silica Concentrate = 1.31
Messaggio pubblicato: 79
Inviata riga 79: % Silica Concentrate = 1.31
Messaggio pubblicato: 80
Inviata riga 80: % Silica Concentrate = 1.31
Messaggio pubblicato: 81
Inviata riga 81: % Silica Concentrate = 1.31
Messaggio pubblicato: 82
Messaggio pubblicato: 83
Inviata riga 82: % Silica Concentrate = 1.31
Inviata riga 83: % Silica Concentrate = 1.31
Messaggio pubblicato: 84
Inviata riga 84: % Silica Concentrate = 1.31
Messaggio pubblicato: 85
Inviata riga 85: % Silica Concentrate = 1.31
Messaggio pubblicato: 86
Inviata riga 86: % Silica Concentrate = 1.31
Messaggio pubblicato: 87
Inviata riga 87: % Silica Concentrate = 1.31
Messaggio pubblicato: 88
Inviata riga 88: % Silica Concentrate = 1.31
Messaggio pubblicato: 89
Inviata riga 89: % Silica Concentrate = 1.31
Messaggio pubblicato: 90
Messaggio pubblicato: 91
Inviata riga 90: % Silica Concentrate = 1.31
Inviata riga 91: % Silica Concentrate = 1.31
Messaggio pubblicato: 92
Inviata riga 92: % Silica Concentrate = 1.31
Messaggio pubblicato: 93
Inviata riga 93: % Silica Concentrate = 1.31
Messaggio pubblicato: 94
Inviata riga 94: % Silica Concentrate = 1.31
Messaggio pubblicato: 95
Inviata riga 95: % Silica Concentrate = 1.31
Messaggio pubblicato: 96
Inviata riga 96: % Silica Concentrate = 1.31
Messaggio pubblicato: 97
Inviata riga 97: % Silica Concentrate = 1.31
Messaggio pubblicato: 98
Inviata riga 98: % Silica Concentrate = 1.31
Messaggio pubblicato: 99
Inviata riga 99: % Silica Concentrate = 1.31
Messaggio pubblicato: 100
Inviata riga 100: % Silica Concentrate = 1.31
Messaggio pubblicato: 101
Inviata riga 101: % Silica Concentrate = 1.31
Messaggio pubblicato: 102
Inviata riga 102: % Silica Concentrate = 1.31
Messaggio pubblicato: 103
Inviata riga 103: % Silica Concentrate = 1.31
Messaggio pubblicato: 104
Inviata riga 104: % Silica Concentrate = 1.31
Messaggio pubblicato: 105
Inviata riga 105: % Silica Concentrate = 1.31
Messaggio pubblicato: 106
Inviata riga 106: % Silica Concentrate = 1.31
Messaggio pubblicato: 107
Inviata riga 107: % Silica Concentrate = 1.31
Messaggio pubblicato: 108
Messaggio pubblicato: 109
Inviata riga 108: % Silica Concentrate = 1.31
Inviata riga 109: % Silica Concentrate = 1.31
Messaggio pubblicato: 110
Inviata riga 110: % Silica Concentrate = 1.31
Messaggio pubblicato: 111
Inviata riga 111: % Silica Concentrate = 1.31
Messaggio pubblicato: 112
Inviata riga 112: % Silica Concentrate = 1.31
Messaggio pubblicato: 113
Inviata riga 113: % Silica Concentrate = 1.31
Messaggio pubblicato: 114
Inviata riga 114: % Silica Concentrate = 1.31
